#
# There is insufficient memory for the Java Runtime Environment to continue.
# Native memory allocation (mmap) failed to map 268435456 bytes for Failed to commit area from 0x0000000701e00000 to 0x0000000711e00000 of length 268435456.
# Possible reasons:
#   The system is out of physical RAM or swap space
#   The process is running with CompressedOops enabled, and the Java Heap may be blocking the growth of the native heap
# Possible solutions:
#   Reduce memory load on the system
#   Increase physical memory or swap space
#   Check if swap backing store is full
#   Decrease Java heap size (-Xmx/-Xms)
#   Decrease number of Java threads
#   Decrease Java thread stack sizes (-Xss)
#   Set larger code cache with -XX:ReservedCodeCacheSize=
# This output file may be truncated or incomplete.
#
#  Out of Memory Error (./open/src/hotspot/os/windows/os_windows.cpp:3287), pid=12032, tid=1496
#
# JRE version:  (11.0.16+11) (build )
# Java VM: Java HotSpot(TM) 64-Bit Server VM (11.0.16+11-LTS-199, mixed mode, sharing, tiered, compressed oops, g1 gc, windows-amd64)
# No core dump will be written. Minidumps are not enabled by default on client versions of Windows
#

---------------  S U M M A R Y ------------

Command Line: -Dfile.encoding=UTF-8 com.innobitsysytems.ipis.IpisApplication

Host: Intel(R) Core(TM) i7-2600 CPU @ 3.40GHz, 8 cores, 15G,  Windows 10 , 64 bit Build 19041 (10.0.19041.2251)
Time: Thu Jan  5 15:33:11 2023 India Standard Time elapsed time: 0.010521 seconds (0d 0h 0m 0s)

---------------  T H R E A D  ---------------

Current thread (0x000002517d52f800):  JavaThread "Unknown thread" [_thread_in_vm, id=1496, stack(0x000000f346700000,0x000000f346800000)]

Stack: [0x000000f346700000,0x000000f346800000]
Native frames: (J=compiled Java code, j=interpreted, Vv=VM code, C=native code)
V  [jvm.dll+0x62a3ea]
V  [jvm.dll+0x76418f]
V  [jvm.dll+0x765839]
V  [jvm.dll+0x765ec3]
V  [jvm.dll+0x23da98]
V  [jvm.dll+0x62770a]
V  [jvm.dll+0x61c475]
V  [jvm.dll+0x2f2aac]
V  [jvm.dll+0x2f2932]
V  [jvm.dll+0x2f7656]
V  [jvm.dll+0x33a1cf]
V  [jvm.dll+0x339c00]
V  [jvm.dll+0x2d00c8]
V  [jvm.dll+0x2d1236]
V  [jvm.dll+0x73e757]
V  [jvm.dll+0x73ffef]
V  [jvm.dll+0x346ef9]
V  [jvm.dll+0x723f90]
V  [jvm.dll+0x3b5adf]
V  [jvm.dll+0x3b7bf1]
C  [jli.dll+0x5207]
C  [ucrtbase.dll+0x21bb2]
C  [KERNEL32.DLL+0x174b4]
C  [ntdll.dll+0x526a1]


---------------  P R O C E S S  ---------------

Threads class SMR info:
_java_thread_list=0x000002517b2fea30, length=0, elements={
}

Java Threads: ( => current thread )

Other Threads:
  0x000002517b3da000 GCTaskThread "GC Thread#0" [stack: 0x000000f346800000,0x000000f346900000] [id=9400]
  0x000002517d59d800 ConcurrentGCThread "G1 Main Marker" [stack: 0x000000f346900000,0x000000f346a00000] [id=2716]
  0x000002517d59f800 ConcurrentGCThread "G1 Conc#0" [stack: 0x000000f346a00000,0x000000f346b00000] [id=9092]

[error occurred during error reporting (printing all threads), id 0xc0000005, EXCEPTION_ACCESS_VIOLATION (0xc0000005) at pc=0x00007ffe6daff357]

VM state:not at safepoint (not fully initialized)

VM Mutex/Monitor currently owned by a thread:  ([mutex/lock_event])
[0x000002517d52a5a0] Heap_lock - owner thread: 0x000002517d52f800

Heap address: 0x0000000701e00000, size: 4066 MB, Compressed Oops mode: Non-zero based: 0x0000000701e00000
Narrow klass base: 0x0000000000000000, Narrow klass shift: 0

GC Heap History (0 events):
No events

Deoptimization events (0 events):
No events

Classes redefined (0 events):
No events

Internal exceptions (0 events):
No events

Events (0 events):
No events


Dynamic libraries:
0x00007ff7e45a0000 - 0x00007ff7e45af000 	C:\Program Files\Java\jdk-11.0.16\bin\javaw.exe
0x00007ffe951f0000 - 0x00007ffe953e8000 	C:\Windows\SYSTEM32\ntdll.dll
0x00007ffe94770000 - 0x00007ffe9482f000 	C:\Windows\System32\KERNEL32.DLL
0x00007ffe92a20000 - 0x00007ffe92cf2000 	C:\Windows\System32\KERNELBASE.dll
0x00007ffe92920000 - 0x00007ffe92a20000 	C:\Windows\System32\ucrtbase.dll
0x00007ffe84430000 - 0x00007ffe84448000 	C:\Program Files\Java\jdk-11.0.16\bin\jli.dll
0x00007ffe88d60000 - 0x00007ffe88d75000 	C:\Program Files\Java\jdk-11.0.16\bin\VCRUNTIME140.dll
0x00007ffe942c0000 - 0x00007ffe9436e000 	C:\Windows\System32\ADVAPI32.dll
0x00007ffe94fd0000 - 0x00007ffe9506e000 	C:\Windows\System32\msvcrt.dll
0x00007ffe94890000 - 0x00007ffe9492c000 	C:\Windows\System32\sechost.dll
0x00007ffe93240000 - 0x00007ffe93365000 	C:\Windows\System32\RPCRT4.dll
0x00007ffe94e30000 - 0x00007ffe94fcd000 	C:\Windows\System32\USER32.dll
0x00007ffe92f50000 - 0x00007ffe92f72000 	C:\Windows\System32\win32u.dll
0x00007ffe8a280000 - 0x00007ffe8a51a000 	C:\Windows\WinSxS\amd64_microsoft.windows.common-controls_6595b64144ccf1df_6.0.19041.1110_none_60b5254171f9507e\COMCTL32.dll
0x00007ffe93a10000 - 0x00007ffe93a3b000 	C:\Windows\System32\GDI32.dll
0x00007ffe93130000 - 0x00007ffe9323f000 	C:\Windows\System32\gdi32full.dll
0x00007ffe92d00000 - 0x00007ffe92d9d000 	C:\Windows\System32\msvcp_win.dll
0x00007ffe8a5d0000 - 0x00007ffe8a5da000 	C:\Windows\SYSTEM32\VERSION.dll
0x00007ffe93a40000 - 0x00007ffe93a72000 	C:\Windows\System32\IMM32.DLL
0x00007ffe82e60000 - 0x00007ffe82efb000 	C:\Program Files\Java\jdk-11.0.16\bin\msvcp140.dll
0x00007ffe6d820000 - 0x00007ffe6e338000 	C:\Program Files\Java\jdk-11.0.16\bin\server\jvm.dll
0x00007ffe94290000 - 0x00007ffe94298000 	C:\Windows\System32\PSAPI.DLL
0x00007ffe83ba0000 - 0x00007ffe83ba9000 	C:\Windows\SYSTEM32\WSOCK32.dll
0x00007ffe83be0000 - 0x00007ffe83c07000 	C:\Windows\SYSTEM32\WINMM.dll
0x00007ffe93450000 - 0x00007ffe934bb000 	C:\Windows\System32\WS2_32.dll
0x00007ffe907d0000 - 0x00007ffe907e2000 	C:\Windows\SYSTEM32\kernel.appcore.dll
0x00007ffe88d50000 - 0x00007ffe88d60000 	C:\Program Files\Java\jdk-11.0.16\bin\verify.dll
0x00007ffe8dae0000 - 0x00007ffe8dcc4000 	C:\Windows\SYSTEM32\DBGHELP.DLL
0x00007ffe8d930000 - 0x00007ffe8d95c000 	C:\Windows\SYSTEM32\dbgcore.DLL
0x00007ffe930a0000 - 0x00007ffe93122000 	C:\Windows\System32\bcryptPrimitives.dll
0x00007ffe7e980000 - 0x00007ffe7e9a8000 	C:\Program Files\Java\jdk-11.0.16\bin\java.dll
0x00007ffe88b80000 - 0x00007ffe88b8a000 	C:\Program Files\Java\jdk-11.0.16\bin\jimage.dll
0x00007ffe831c0000 - 0x00007ffe831d6000 	C:\Program Files\Java\jdk-11.0.16\bin\zip.dll

dbghelp: loaded successfully - version: 4.0.5 - missing functions: none
symbol engine: initialized successfully - sym options: 0x614 - pdb path: .;C:\Program Files\Java\jdk-11.0.16\bin;C:\Windows\SYSTEM32;C:\Windows\WinSxS\amd64_microsoft.windows.common-controls_6595b64144ccf1df_6.0.19041.1110_none_60b5254171f9507e;C:\Program Files\Java\jdk-11.0.16\bin\server

VM Arguments:
jvm_args: -Dfile.encoding=UTF-8 
java_command: com.innobitsysytems.ipis.IpisApplication
java_class_path (initial): C:\Users\HP\Documents\Dev-server\IPIS\backend\ipis\target\classes;C:\Users\HP\.m2\repository\org\springframework\boot\spring-boot-starter-validation\2.5.3\spring-boot-starter-validation-2.5.3.jar;C:\Users\HP\.m2\repository\org\springframework\boot\spring-boot-starter\2.5.3\spring-boot-starter-2.5.3.jar;C:\Users\HP\.m2\repository\org\springframework\boot\spring-boot-starter-logging\2.5.3\spring-boot-starter-logging-2.5.3.jar;C:\Users\HP\.m2\repository\ch\qos\logback\logback-classic\1.2.4\logback-classic-1.2.4.jar;C:\Users\HP\.m2\repository\ch\qos\logback\logback-core\1.2.4\logback-core-1.2.4.jar;C:\Users\HP\.m2\repository\org\apache\logging\log4j\log4j-to-slf4j\2.14.1\log4j-to-slf4j-2.14.1.jar;C:\Users\HP\.m2\repository\jakarta\annotation\jakarta.annotation-api\1.3.5\jakarta.annotation-api-1.3.5.jar;C:\Users\HP\.m2\repository\org\yaml\snakeyaml\1.28\snakeyaml-1.28.jar;C:\Users\HP\.m2\repository\org\apache\tomcat\embed\tomcat-embed-el\9.0.50\tomcat-embed-el-9.0.50.jar;C:\Users\HP\.m2\repository\org\hibernate\validator\hibernate-validator\6.2.0.Final\hibernate-validator-6.2.0.Final.jar;C:\Users\HP\.m2\repository\jakarta\validation\jakarta.validation-api\2.0.2\jakarta.validation-api-2.0.2.jar;C:\Users\HP\.m2\repository\org\springframework\boot\spring-boot-starter-web\2.5.3\spring-boot-starter-web-2.5.3.jar;C:\Users\HP\.m2\repository\org\springframework\boot\spring-boot-starter-json\2.5.3\spring-boot-starter-json-2.5.3.jar;C:\Users\HP\.m2\repository\com\fasterxml\jackson\datatype\jackson-datatype-jdk8\2.12.4\jackson-datatype-jdk8-2.12.4.jar;C:\Users\HP\.m2\repository\com\fasterxml\jackson\datatype\jackson-datatype-jsr310\2.12.4\jackson-datatype-jsr310-2.12.4.jar;C:\Users\HP\.m2\repository\com\fasterxml\jackson\module\jackson-module-parameter-names\2.12.4\jackson-module-parameter-names-2.12.4.jar;C:\Users\HP\.m2\repository\org\springframework\boot\spring-boot-starter-tomcat\2.5.3\spring-boot-starter-tomcat-2.5.3.jar;C:\Users\HP\.m2\repository\
Launcher Type: SUN_STANDARD

[Global flags]
     intx CICompilerCount                          = 4                                         {product} {ergonomic}
     uint ConcGCThreads                            = 2                                         {product} {ergonomic}
     uint G1ConcRefinementThreads                  = 8                                         {product} {ergonomic}
   size_t G1HeapRegionSize                         = 1048576                                   {product} {ergonomic}
    uintx GCDrainStackTargetSize                   = 64                                        {product} {ergonomic}
   size_t InitialHeapSize                          = 268435456                                 {product} {ergonomic}
   size_t MarkStackSize                            = 4194304                                   {product} {ergonomic}
   size_t MaxHeapSize                              = 4263510016                                {product} {ergonomic}
   size_t MinHeapDeltaBytes                        = 1048576                                   {product} {ergonomic}
    uintx NonNMethodCodeHeapSize                   = 5836300                                {pd product} {ergonomic}
    uintx NonProfiledCodeHeapSize                  = 122910970                              {pd product} {ergonomic}
    uintx ProfiledCodeHeapSize                     = 122910970                              {pd product} {ergonomic}
    uintx ReservedCodeCacheSize                    = 251658240                              {pd product} {ergonomic}
     bool SegmentedCodeCache                       = true                                      {product} {ergonomic}
     bool UseCompressedClassPointers               = true                                 {lp64_product} {ergonomic}
     bool UseCompressedOops                        = true                                 {lp64_product} {ergonomic}
     bool UseG1GC                                  = true                                      {product} {ergonomic}
     bool UseLargePagesIndividualAllocation        = false                                  {pd product} {ergonomic}

Logging:
Log output configuration:
 #0: stdout all=warning uptime,level,tags
 #1: stderr all=off uptime,level,tags

Environment Variables:
JAVA_HOME=C:\Program Files\Java\jdk-11.0.16
PATH=C:/Program Files/Java/jdk-11.0.16/bin/server;C:/Program Files/Java/jdk-11.0.16/bin;C:\Program Files\Common Files\Oracle\Java\javapath;C:\Windows\system32;C:\Windows;C:\Windows\System32\Wbem;C:\Windows\System32\WindowsPowerShell\v1.0\;C:\Windows\System32\OpenSSH\;C:\Program Files\Git\cmd;C:\Program Files\Java\jdk-11.0.16\bin;C:\Program Files\apache-maven-3.8.6\bin;C:\Program Files\PostgreSQL\14\bin;C:\Program Files\edb\as14\bin;C:\Program Files\nodejs\;C:\Users\HP\AppData\Local\Microsoft\WindowsApps;;C:\Users\HP\AppData\Local\Programs\Microsoft VS Code\bin;C:\Users\HP\AppData\Roaming\npm;C:\Windows\system32;
USERNAME=Hewlett Packard
OS=Windows_NT
PROCESSOR_IDENTIFIER=Intel64 Family 6 Model 42 Stepping 7, GenuineIntel



---------------  S Y S T E M  ---------------

OS: Windows 10 , 64 bit Build 19041 (10.0.19041.2251)

CPU:total 8 (initial active 8) (4 cores per cpu, 2 threads per core) family 6 model 42 stepping 7 microcode 0x2f, cmov, cx8, fxsr, mmx, sse, sse2, sse3, ssse3, sse4.1, sse4.2, popcnt, avx, aes, clmul, ht, tsc, tscinvbit

Memory: 4k page, system-wide physical 16256M (4090M free)
TotalPageFile size 30487M (AvailPageFile size 84M)
current process WorkingSet (physical memory assigned to process): 10M, peak: 10M
current process commit charge ("private bytes"): 60M, peak: 316M

vm_info: Java HotSpot(TM) 64-Bit Server VM (11.0.16+11-LTS-199) for windows-amd64 JRE (11.0.16+11-LTS-199), built on Jun 28 2022 08:23:17 by "mach5one" with MS VC++ 15.9 (VS2017)

END.
